<?xml version="1.0" encoding="UTF-8"?>
<!-- Generated by org.testng.reporters.JUnitXMLReporter -->
<testsuite ignored="0" hostname="LAPTOP-PUB6F7SM" failures="1" tests="1" name="Test" time="15.219" errors="0" timestamp="2023-07-01T20:19:58 IST">
  <testcase classname="testClasses.TC1_verifyUsername" name="verifyUserName" time="0.066">
    <failure type="java.lang.AssertionError" message="Username verification failed expected [Saurabh V Jangam] but found [Saurabh Jangam]">
      <![CDATA[java.lang.AssertionError: Username verification failed expected [Saurabh V Jangam] but found [Saurabh Jangam]
at testClasses.TC1_verifyUsername.verifyUserName(TC1_verifyUsername.java:62)
at java.base/java.util.ArrayList.forEach(ArrayList.java:1511)
... Removed 32 stack frames]]>
    </failure>
  </testcase> <!-- verifyUserName -->
</testsuite> <!-- Test -->
